<?xml version="1.0" encoding="UTF-8"?>
<!-- Generated by org.testng.reporters.JUnitXMLReporter -->
<testsuite ignored="2" hostname="DESKTOP-DLI52N7" failures="1" tests="1" name="Test(failed)" time="0.11" errors="0" timestamp="2023-01-19T22:13:04 IST">
  <testcase classname="testNGpackage.Demo" name="demo2" time="0.018">
    <failure type="java.lang.ArithmeticException" message="/ by zero">
      <![CDATA[java.lang.ArithmeticException: / by zero
at testNGpackage.Demo.demo2(Demo.java:25)
at java.base/java.util.ArrayList.forEach(ArrayList.java:1511)
... Removed 27 stack frames]]>
    </failure>
  </testcase> <!-- demo2 -->
  <testcase classname="testNGpackage.Demo" name="demo1" time="0.0">
    <ignored/>
  </testcase> <!-- demo1 -->
  <testcase classname="testNGpackage.Demo" name="demo" time="0.0">
    <ignored/>
  </testcase> <!-- demo -->
</testsuite> <!-- Test(failed) -->
